C51 COMPILER V9.01   DELAY24M                                                              04/28/2015 23:47:32 PAGE 1   


C51 COMPILER V9.01, COMPILATION OF MODULE DELAY24M
OBJECT MODULE PLACED IN delay24M.OBJ
COMPILER INVOKED BY: C:\Keil\C51\BIN\C51.EXE delay24M.c BROWSE DEBUG OBJECTEXTEND

line level    source

   1          
   2          #include"delay24M.h"
   3          //*******************************************************************************//
   4          //函数功能:24M延时函数,延时相对准确，误差较小,上面四个为子函数，调用时使用下边四个带参函数
   5          //*******************************************************************************//     
   6          void delay1us(void)   
   7          {
   8   1          unsigned char a;
   9   1              a=0;
  10   1      }
  11          void delay10us(void)   
  12          {
  13   1          unsigned char a,b;
  14   1          for(b=5;b>0;b--)
  15   1              for(a=10;a>0;a--);
  16   1      }
  17          
  18          void delay1ms(void) 
  19          {
  20   1          unsigned char a,b,c;
  21   1          for(c=2;c>0;c--)
  22   1              for(b=222;b>0;b--)
  23   1                  for(a=13;a>0;a--);
  24   1      }
  25          void delay1s(void)   
  26          {
  27   1          unsigned char a,b,c;
  28   1          for(c=140;c>0;c--)
  29   1              for(b=168;b>0;b--)
  30   1                  for(a=250;a>0;a--);
  31   1      }
  32          //*******************************************************************************//
  33          //函数功能:24M延时函数
  34          //*******************************************************************************//     
  35          void delay_us(unsigned char T)  //延时T=1,实际延时2us;T=5 or 10 延时误差小，仅用于短时间延时，较长延时用其
             -它延时函数
  36          {
  37   1          while(T--)
  38   1              {
  39   2                      delay1us();       
  40   2              }
  41   1      }
  42          void delay_10us(unsigned char T)  
  43          {
  44   1          while(T--)
  45   1              {
  46   2                      delay10us();      
  47   2              }
  48   1      }
  49          void delay_ms(unsigned char T)  
  50          {
  51   1          while(T--)
  52   1              {
  53   2                      delay1ms();       
  54   2              }
C51 COMPILER V9.01   DELAY24M                                                              04/28/2015 23:47:32 PAGE 2   

  55   1      }
  56          void delay_s(unsigned char T)   
  57          {
  58   1          while(T--)
  59   1              {
  60   2                      delay1s();        
  61   2              }
  62   1      }


MODULE INFORMATION:   STATIC OVERLAYABLE
   CODE SIZE        =     93    ----
   CONSTANT SIZE    =   ----    ----
   XDATA SIZE       =   ----    ----
   PDATA SIZE       =   ----    ----
   DATA SIZE        =   ----       1
   IDATA SIZE       =   ----    ----
   BIT SIZE         =   ----    ----
END OF MODULE INFORMATION.


C51 COMPILATION COMPLETE.  0 WARNING(S),  0 ERROR(S)
