C51 COMPILER V9.01   DELAY12M                                                              05/08/2015 14:09:25 PAGE 1   


C51 COMPILER V9.01, COMPILATION OF MODULE DELAY12M
OBJECT MODULE PLACED IN delay12M.OBJ
COMPILER INVOKED BY: C:\Keil\C51\BIN\C51.EXE delay12M.c BROWSE DEBUG OBJECTEXTEND

line level    source

   1          #include"delay12M.h"
   2          
   3          /*void delay1us(void)   
   4          {
   5              unsigned char a;
   6                  a=0;
   7          } */
   8          void delay1us(void)
   9          {
  10   1      unsigned char xdata i;
  11   1      for(i=6;i>0;i--);
  12   1       
  13   1      }
  14          void delay5us(void)   
  15          {
  16   1          unsigned char a,b;
  17   1          for(b=5;b>0;b--)
  18   1              for(a=6;a>0;a--);
  19   1      }
  20          
  21          void delay10us(void)   
  22          {
  23   1          unsigned char a,b;
  24   1          for(b=10;b>0;b--)
  25   1              for(a=6;a>0;a--);
  26   1      }
  27          
  28          void delay1ms(void) 
  29          {
  30   1          unsigned char a,b,c;
  31   1          for(c=100;c>0;c--)
  32   1              for(b=10;b>0;b--)
  33   1                  for(a=6;a>0;a--);
  34   1      }
  35          void delay1s(void)   
  36          {
  37   1          unsigned char a,b,c;
  38   1          for(c=100000;c>0;c--)
  39   1              for(b=10;b>0;b--)
  40   1                  for(a=6;a>0;a--);
  41   1      }
  42          //*******************************************************************************//
  43          //函数功能:24M延时函数
  44          //*******************************************************************************//     
  45          void delay_us(unsigned char T)  //延时T=1,实际延时2us;T=5 or 10 延时误差小，仅用于短时间延时，较长延时用其
             -它延时函数
  46          {
  47   1          while(T--)
  48   1              {
  49   2                      delay1us();       
  50   2              }
  51   1      }
  52          void delay_10us(unsigned char T)  
  53          {
  54   1          while(T--)
C51 COMPILER V9.01   DELAY12M                                                              05/08/2015 14:09:25 PAGE 2   

  55   1              {
  56   2                      delay10us();      
  57   2              }
  58   1      }
  59          void delay_ms(unsigned char T)  
  60          {
  61   1          while(T--)
  62   1              {
  63   2                      delay1ms();       
  64   2              }
  65   1      }
  66          void delay_s(unsigned char T)   
  67          {
  68   1          while(T--)
  69   1              {
  70   2                      delay1s();        
  71   2              }
  72   1      }


MODULE INFORMATION:   STATIC OVERLAYABLE
   CODE SIZE        =    114    ----
   CONSTANT SIZE    =   ----    ----
   XDATA SIZE       =   ----       1
   PDATA SIZE       =   ----    ----
   DATA SIZE        =   ----    ----
   IDATA SIZE       =   ----    ----
   BIT SIZE         =   ----    ----
END OF MODULE INFORMATION.


C51 COMPILATION COMPLETE.  0 WARNING(S),  0 ERROR(S)
