C51 COMPILER V9.01   MAIN                                                                  06/14/2015 10:45:25 PAGE 1   


C51 COMPILER V9.01, COMPILATION OF MODULE MAIN
OBJECT MODULE PLACED IN MAIN.OBJ
COMPILER INVOKED BY: C:\Keil\C51\BIN\C51.EXE MAIN.c OMF2 OPTIMIZE(9,SPEED) BROWSE DEBUG

line level    source

   1          #include "compiler_defs.h"
   2          #include <c8051f340.h>
   3          #include <stddef.h>
   4          #include <stdio.h>
   5          #include "USB_API.h"
   6          //#include "call.asm"
   7          
   8          /*** [BEGIN] USB Descriptor Information [BEGIN] ***/
   9          code const UINT USB_VID = 0x10C4;                                                               
  10          code const UINT USB_PID = 0xEA61;
  11          code const BYTE USB_MfrStr[] = {0x1A,0x03,'S',0,'i',0,'l',0,'i',0,'c',0,'o',0,'n',0,' ',0,'L',0,'a',0,'b',
             -0,'s',0};
  12          code const BYTE USB_ProductStr[] = {0x10,0x03,'U',0,'S',0,'B',0,' ',0,'A',0,'P',0,'I',0};
  13          code const BYTE USB_SerialStr[] = {0x0A,0x03,'i',0,'d',0,'r',0,'i',0};
  14          code const BYTE USB_MaxPower = 15;
  15          code const BYTE USB_PwAttributes = 0x80; // Bus-powered, remote wakeup not supported
  16          code const UINT USB_bcdDevice = 0x0100;
  17          /*** [ END ] USB Descriptor Information [ END ] ***/
  18          
  19          /*** [BEGIN]  [BEGIN] ***/
  20          sbit CS_RD=P0^0;
  21          sbit CONVSTAB=P0^1;
  22          sbit BUSY=P0^6;
  23          sbit REST=P0^7;
  24          sbit OA=P2^4;
  25          sbit OB=P2^5;
  26          sbit OC=P2^6;
  27          sbit RAGE= P2^7;
  28          sbit Led = P2^3;
  29          /*** [ END ]  [ END ] ***/
  30          
  31          /*** [BEGIN]  [BEGIN] ***/
  32          sfr16 TMR2RL = 0xca; // Timer2 reload value 
  33          sfr16 TMR2 = 0xcc; // Timer2 counter
  34          
  35          #define SYSCLK 48000000
  36          #define TIMER_PRESCALER 12  // Based on Timer2 CKCON and TMR2CN settings
  37          //#define RATE  118000   //121200
  38          //#define RATE  110000   //111100
  39          //#define RATE  140000   //142600
  40          //#define RATE  160000   //160000
  41          //#define RATE  180000   //181860
  42          #define RATE    185000   //199980
  43          // There are SYSCLK/TIMER_PRESCALER timer ticks per second, so SYSCLK/TIMER_PRESCALER timer ticks per seco
             -nd.
  44          #define TIMER_TICKS_PER_S  SYSCLK/TIMER_PRESCALER
  45          // NoteRATE*TIMER_TICKS_PERS should not exceed 65535 (0xFFFF)for the 16-bit timer
  46          #define AUX1 TIMER_TICKS_PER_S/RATE
  47          /*** [ END ]  [ END ] ***/
  48          
  49          /*** [BEGIN]  [BEGIN] ***/
  50          #define N 64
  51          U8 idata Buffer1[N];
  52          U8 idata Buffer2[N];
  53          U8 T1;
C51 COMPILER V9.01   MAIN                                                                  06/14/2015 10:45:25 PAGE 2   

  54          U8 T2;
  55          U8 Flag1;
  56          U8 Flag2;
  57          U8 Flag1_t;
  58          U8 Flag2_t;
  59          U8 i;
  60          /*** [ END ]  [ END ] ***/
  61          
  62          /*** [BEGIN]  [BEGIN] ***/
  63          void Oscilitator_Init(void);
  64          void Port_Init(void);
  65          void Suspend_Device(void);
  66          void Delay(void);       
  67          void AD7606_Init(void);
  68          void AD7606_Read(void);
  69          void Timer2_Init(U8 counts);
  70          void Timer2_ISR (void);
  71          /*** [ END ]  [ END ] ***/
  72          
  73          void main(void)
  74          {
  75   1              PCA0MD &= ~0x40;
  76   1      
  77   1              Oscilitator_Init();
  78   1              Port_Init(); 
  79   1              USB_Clock_Start();
  80   1              CLKSEL |= 0x02;
  81   1              USB_Init(USB_VID,USB_PID,USB_MfrStr,USB_ProductStr,USB_SerialStr,USB_MaxPower,USB_PwAttributes,USB_bcdDev
             -ice);   
  82   1      
  83   1              AD7606_Init();
  84   1              USB_Int_Enable();
  85   1              T1=0;T2=0;Flag1=0;Flag2=1;Flag1_t=1,Flag2_t=0;
  86   1              Timer2_Init(AUX1); 
  87   1              //Led=1;
  88   1              EA = 1;
  89   1              IP=0x20;                 
  90   1      
  91   1              while (1)
  92   1              {
  93   2                      if(Flag1==1&&Flag2_t==1)
  94   2                      {
  95   3                              Block_Write(Buffer1,N);
  96   3                              Flag1_t=1;
  97   3                              Flag2_t=0;
  98   3                      }
  99   2                      if(Flag2==1&&Flag1_t==1)
 100   2                      {
 101   3                              Block_Write(Buffer2,N);
 102   3                              Flag1_t=0;
 103   3                              Flag2_t=1;
 104   3                      }
 105   2              }
 106   1      }
 107          
 108          void AD7606_Init()
 109          {
 110   1              Delay();
 111   1              REST=0;
 112   1              OA=0;OB=0;OC=0;RAGE=0;
 113   1              CS_RD=1;
 114   1              CONVSTAB=0;
C51 COMPILER V9.01   MAIN                                                                  06/14/2015 10:45:25 PAGE 3   

 115   1              REST=1;
 116   1              Delay();
 117   1              REST=0; 
 118   1      }
 119          
 120          void Oscilitator_Init()
 121          {
 122   1              CLKMUL = 0x80;
 123   1          for (i = 0; i < 20; i++);
 124   1          CLKMUL |= 0xC0;
 125   1          while ((CLKMUL & 0x20) == 0);
 126   1          OSCICN = 0x83;
 127   1              CLKSEL |= 0x03; 
 128   1      }
 129          
 130          void Timer2_Init(U8 counts)
 131          {
 132   1         TMR2CN  = 0x00;                     // Stop Timer2; Clear TF2;
 133   1                                             // Use SYSCLK/12 as timebase
 134   1         CKCON  &= ~0x60;                    // Timer2 clocked based on T2XCLK;
 135   1      
 136   1         TMR2RL  = -counts;                  // Init reload values
 137   1         TMR2    = 0xffff;                   // Set to reload immediately
 138   1         ET2     = 1;                        // Enable Timer2 interrupts
 139   1         TR2     = 1;                        // Start Timer2
 140   1      }
 141          
 142          void Port_Init(void)
 143          {
 144   1              P0MDIN |= 0x40;
 145   1              P0MDOUT = 0x83; 
 146   1              P1MDIN |= 0xff; 
 147   1              P1MDOUT = 0x00;
 148   1              P1 |= 0xff;
 149   1              P2MDOUT = 0xfb;
 150   1              P3MDIN |= 0xff; 
 151   1              P3MDOUT = 0x00;
 152   1              P3 |= 0xff;               
 153   1      
 154   1              XBR0 = 0x01;
 155   1              XBR1 = 0x40;
 156   1      }
 157          
 158          void Suspend_Device(void)
 159          {
 160   1         USB_Suspend();
 161   1      
 162   1      }
 163          
 164          void  USB_API_TEST_ISR(void) interrupt 17
 165          {
 166   1         BYTE INTVAL = Get_Interrupt_Source();
 167   1      
 168   1         if (INTVAL & DEV_SUSPEND)
 169   1         {
 170   2              Suspend_Device();
 171   2         }
 172   1      
 173   1         if (INTVAL & DEV_CONFIGURED)
 174   1         {
 175   2                      Port_Init();
 176   2         }
C51 COMPILER V9.01   MAIN                                                                  06/14/2015 10:45:25 PAGE 4   

 177   1      }
 178          
 179          void Timer2_ISR (void) interrupt 5
 180          {
 181   1              TF2H = 0; // Clear Timer2 interrupt flag
 182   1      
 183   1              CS_RD=0;
 184   1      
 185   1              if(Flag1==0)
 186   1              {
 187   2                      Buffer1[T1]=P3;
 188   2                      T1=T1+1;
 189   2                      Buffer1[T1]=P1;
 190   2                      T1=T1+1;
 191   2                      if(T1==N)
 192   2                      {
 193   3                              Flag1=1;
 194   3                              Flag2=0;
 195   3                              T1=0;
 196   3                      }
 197   2              }
 198   1              else if(Flag2==0)
 199   1              {
 200   2                      Buffer2[T2]=P3;
 201   2                      T2=T2+1;
 202   2                      Buffer2[T2]=P1;
 203   2                      T2=T2+1;
 204   2                      if(T2==N)
 205   2                      {
 206   3                              Flag1=0;
 207   3                              Flag2=1;
 208   3                              T2=0;
 209   3                      }
 210   2              }
 211   1      
 212   1              CS_RD=1;
 213   1              CONVSTAB=0;     
 214   1              CONVSTAB=1;
 215   1      }
 216          
 217          void Delay (void)
 218          {
 219   1         int x;
 220   1         for(x = 0;x < 500;x)
 221   1            x++;
 222   1      }


MODULE INFORMATION:   STATIC OVERLAYABLE
   CODE SIZE        =    507    ----
   CONSTANT SIZE    =     60    ----
   XDATA SIZE       =   ----    ----
   PDATA SIZE       =   ----    ----
   DATA SIZE        =      7       1
   IDATA SIZE       =    128    ----
   BIT SIZE         =   ----    ----
   EDATA SIZE       =   ----    ----
   HDATA SIZE       =   ----    ----
   XDATA CONST SIZE =   ----    ----
   FAR CONST SIZE   =   ----    ----
END OF MODULE INFORMATION.


C51 COMPILATION COMPLETE.  0 WARNING(S),  0 ERROR(S)
