C51 COMPILER V9.53.0.0   DELAY                                                             05/19/2015 19:56:35 PAGE 1   


C51 COMPILER V9.53.0.0, COMPILATION OF MODULE DELAY
OBJECT MODULE PLACED IN .\src\Delay.OBJ
COMPILER INVOKED BY: c:\SiliconLabs\SimplicityStudio\v3\developer\toolchains\keil_8051\9.53\BIN\C51.exe G:\AD7606_C8051F
                    -340_Sample\AD7606_C8051F340_SimplicityStudio\src\Delay.c OMF2 SMALL DEBUG OBJECTEXTEND ROM(LARGE) WARNINGLEVEL(2) FLOATF
                    -UZZY(3) OPTIMIZE(8,SPEED) DEFINE(DEBUG=1) INTVECTOR(0X0000) INTPROMOTE INCDIR(C:/SiliconLabs/SimplicityStudio/v3/develop
                    -er/sdks/si8051/v3//Device/shared/si8051Base;C:/SiliconLabs/SimplicityStudio/v3/developer/sdks/si8051/v3//Device/C8051F34
                    -0;C:/SiliconLabs/SimplicityStudio/v3/developer/sdks/si8051/v3//Device/C8051F340/inc) PRINT(.\src\Delay.lst) COND PAGEWID
                    -TH(120) PAGELENGTH(65) OBJECT(.\src\Delay.OBJ)

line level    source

   1          #include"Delay.h"
   2          
   3          void delay0us(void)
   4          {
   5   1              unsigned char xdata i;
   6   1              for(i=1;i>0;i--);
   7   1      }
   8          void delay1us(void)
   9          {
  10   1              unsigned char xdata i;
  11   1              for(i=6;i>0;i--);
  12   1      }
  13          void delay_us(unsigned char T)
  14          {
  15   1          while(T--)
  16   1              {
  17   2                      delay1us();       
  18   2              }
  19   1      }
  20          void delay2us (void)
  21          {
  22   1         int x;
  23   1         for(x = 0;x < 12;x)
  24   1            x++;
  25   1      }
  26          void delay80us (void)
  27          {
  28   1         int x;
  29   1         for(x = 0;x < 500;x)
  30   1            x++;
  31   1      }


MODULE INFORMATION:   STATIC OVERLAYABLE
   CODE SIZE        =     74    ----
   CONSTANT SIZE    =   ----    ----
   XDATA SIZE       =   ----       2
   PDATA SIZE       =   ----    ----
   DATA SIZE        =   ----    ----
   IDATA SIZE       =   ----    ----
   BIT SIZE         =   ----    ----
   EDATA SIZE       =   ----    ----
   HDATA SIZE       =   ----    ----
   XDATA CONST SIZE =   ----    ----
   FAR CONST SIZE   =   ----    ----
END OF MODULE INFORMATION.


C51 COMPILATION COMPLETE.  0 WARNING(S),  0 ERROR(S)
